<?xml version="1.0" encoding="UTF-8"?>
<!-- Generated by org.testng.reporters.JUnitReportReporter -->
<testsuite hostname="DESKTOP-7NTFPEV" failures="0" tests="3" name="stepdefs.StefDefination" time="21.070" errors="0" timestamp="2023-11-10T04:12:00 IST" skipped="0">
  <testcase classname="stepdefs.StefDefination" name="getUsers" time="15.688"/>
  <system-out/>
  <testcase classname="stepdefs.StefDefination" name="createUser" time="2.171"/>
  <system-out/>
  <testcase classname="stepdefs.StefDefination" name="updateUser" time="3.211"/>
  <system-out/>
</testsuite> <!-- stepdefs.StefDefination -->
